<?xml version="1.0" encoding="UTF-8"?>
<testng-results ignored="0" total="1" passed="1" failed="0" skipped="0">
  <reporter-output>
  </reporter-output>
  <suite started-at="2022-10-08T12:02:01 CEST" name="Default suite" finished-at="2022-10-08T12:02:01 CEST" duration-ms="43">
    <groups>
    </groups>
    <test started-at="2022-10-08T12:02:01 CEST" name="Default test" finished-at="2022-10-08T12:02:01 CEST" duration-ms="43">
      <class name="test">
        <test-method signature="test1()[pri:0, instance:test@31368b99]" started-at="2022-10-08T12:02:01 CEST" name="test1" finished-at="2022-10-08T12:02:01 CEST" duration-ms="10" status="PASS">
          <reporter-output>
          </reporter-output>
        </test-method> <!-- test1 -->
      </class> <!-- test -->
    </test> <!-- Default test -->
  </suite> <!-- Default suite -->
</testng-results>
